{"/Users/marcoescaleira/personal/GymTracker/App.tsx": {"path":"/Users/marcoescaleira/personal/GymTracker/App.tsx","statementMap":{"0":{"start":{"line":4,"column":2},"end":{"line":8,"column":4}},"1":{"start":{"line":11,"column":15},"end":{"line":18,"column":2}}},"fnMap":{"0":{"name":"App","decl":{"start":{"line":3,"column":24},"end":{"line":3,"column":27}},"loc":{"start":{"line":3,"column":30},"end":{"line":9,"column":1}},"line":3}},"branchMap":{},"s":{"0":1,"1":1},"f":{"0":1},"b":{},"_coverageSchema":"1a1c01bbd47fc00a2c39e90264f33305004495a9","hash":"eaf9e60069aaa61e41eac89d783e96e4407d33af"}
,"/Users/marcoescaleira/personal/GymTracker/src/components/index.ts": {"path":"/Users/marcoescaleira/personal/GymTracker/src/components/index.ts","statementMap":{},"fnMap":{},"branchMap":{},"s":{},"f":{},"b":{}}
,"/Users/marcoescaleira/personal/GymTracker/src/hooks/index.ts": {"path":"/Users/marcoescaleira/personal/GymTracker/src/hooks/index.ts","statementMap":{},"fnMap":{},"branchMap":{},"s":{},"f":{},"b":{}}
,"/Users/marcoescaleira/personal/GymTracker/src/router/index.ts": {"path":"/Users/marcoescaleira/personal/GymTracker/src/router/index.ts","statementMap":{},"fnMap":{},"branchMap":{},"s":{},"f":{},"b":{}}
,"/Users/marcoescaleira/personal/GymTracker/src/utils/index.ts": {"path":"/Users/marcoescaleira/personal/GymTracker/src/utils/index.ts","statementMap":{},"fnMap":{},"branchMap":{},"s":{},"f":{},"b":{}}
,"/Users/marcoescaleira/personal/GymTracker/src/views/index.ts": {"path":"/Users/marcoescaleira/personal/GymTracker/src/views/index.ts","statementMap":{},"fnMap":{},"branchMap":{},"s":{},"f":{},"b":{}}
}
